============================= test session starts =============================
platform win32 -- Python 3.11.9, pytest-9.1.1, pluggy-1.6.0 -- D:\nyaymind\nyayamind-verification\research\.venv\Scripts\python.exe
cachedir: .pytest_cache
rootdir: D:\nyaymind\nyayamind-verification
plugins: typeguard-4.6.0
collecting ... collected 72 items

research/prototype/tests/test_claim_parser_and_evidence_matcher.py::test_normalize_act_strips_leading_the_and_punctuation PASSED [  1%]
research/prototype/tests/test_claim_parser_and_evidence_matcher.py::test_normalize_act_handles_no_leading_the PASSED [  2%]
research/prototype/tests/test_claim_parser_and_evidence_matcher.py::test_normalize_act_collapses_whitespace PASSED [  4%]
research/prototype/tests/test_claim_parser_and_evidence_matcher.py::test_split_sentences_basic PASSED [  5%]
research/prototype/tests/test_claim_parser_and_evidence_matcher.py::test_split_sentences_empty_string PASSED [  6%]
research/prototype/tests/test_claim_parser_and_evidence_matcher.py::test_extract_citation_stops_at_year_before_trailing_verb PASSED [  8%]
research/prototype/tests/test_claim_parser_and_evidence_matcher.py::test_extract_citation_stops_at_verb_when_no_year_present PASSED [  9%]
research/prototype/tests/test_claim_parser_and_evidence_matcher.py::test_extract_citation_handles_subsection PASSED [ 11%]
research/prototype/tests/test_claim_parser_and_evidence_matcher.py::test_extract_citation_returns_none_for_non_citation_sentence PASSED [ 12%]
research/prototype/tests/test_claim_parser_and_evidence_matcher.py::test_extract_citation_uses_in_connector_like_nyayarag_keys PASSED [ 13%]
research/prototype/tests/test_claim_parser_and_evidence_matcher.py::test_act_name_trims_trailing_prose_after_comma_no_year_plural_articles PASSED [ 15%]
research/prototype/tests/test_claim_parser_and_evidence_matcher.py::test_act_name_year_case_still_works_unchanged PASSED [ 16%]
research/prototype/tests/test_claim_parser_and_evidence_matcher.py::test_act_name_trims_trailing_prose_after_comma_no_year_generic_act PASSED [ 18%]
research/prototype/tests/test_claim_parser_and_evidence_matcher.py::test_act_name_same_section_number_different_acts_no_collision_after_trim PASSED [ 19%]
research/prototype/tests/test_claim_parser_and_evidence_matcher.py::test_bare_citation_parenthetical_inherits_same_sentence_act PASSED [ 20%]
research/prototype/tests/test_claim_parser_and_evidence_matcher.py::test_bare_citation_deals_with_no_own_act_stays_unresolved_at_sentence_level PASSED [ 22%]
research/prototype/tests/test_claim_parser_and_evidence_matcher.py::test_extract_citation_still_handles_existing_full_form PASSED [ 23%]
research/prototype/tests/test_claim_parser_and_evidence_matcher.py::test_extract_claims_field_wide_inheritance_for_bare_citation_without_own_act PASSED [ 25%]
research/prototype/tests/test_claim_parser_and_evidence_matcher.py::test_extract_claims_unresolved_citation_no_identifiable_act_anywhere PASSED [ 26%]
research/prototype/tests/test_claim_parser_and_evidence_matcher.py::test_extract_claims_unresolved_citation_evidence_match_returns_no_evidence PASSED [ 27%]
research/prototype/tests/test_claim_parser_and_evidence_matcher.py::test_extract_claims_ambiguous_field_two_distinct_acts_stays_unresolved PASSED [ 29%]
research/prototype/tests/test_claim_parser_and_evidence_matcher.py::test_bare_citation_plural_keywords_still_supported PASSED [ 30%]
research/prototype/tests/test_claim_parser_and_evidence_matcher.py::test_bare_citation_same_section_number_different_acts_no_collision PASSED [ 31%]
research/prototype/tests/test_claim_parser_and_evidence_matcher.py::test_extract_citations_plural_keyword_singular_number PASSED [ 33%]
research/prototype/tests/test_claim_parser_and_evidence_matcher.py::test_extract_citations_oxford_comma_and_list PASSED [ 34%]
research/prototype/tests/test_claim_parser_and_evidence_matcher.py::test_extract_citations_no_oxford_comma_and_list PASSED [ 36%]
research/prototype/tests/test_claim_parser_and_evidence_matcher.py::test_extract_citations_two_item_and_only_list_no_comma PASSED [ 37%]
research/prototype/tests/test_claim_parser_and_evidence_matcher.py::test_extract_citations_list_with_per_item_subsections PASSED [ 38%]
research/prototype/tests/test_claim_parser_and_evidence_matcher.py::test_extract_citations_singular_keyword_still_works_unexpanded PASSED [ 40%]
research/prototype/tests/test_claim_parser_and_evidence_matcher.py::test_extract_citations_returns_empty_list_for_non_citation_sentence PASSED [ 41%]
research/prototype/tests/test_claim_parser_and_evidence_matcher.py::test_extract_citation_still_returns_first_of_expanded_list PASSED [ 43%]
research/prototype/tests/test_claim_parser_and_evidence_matcher.py::test_extract_claims_drops_non_citation_sentences PASSED [ 44%]
research/prototype/tests/test_claim_parser_and_evidence_matcher.py::test_extract_claims_assigns_sequential_ids_skipping_non_citation_sentences PASSED [ 45%]
research/prototype/tests/test_claim_parser_and_evidence_matcher.py::test_extract_claims_expands_plural_citation_into_one_claim_per_provision PASSED [ 47%]
research/prototype/tests/test_claim_parser_and_evidence_matcher.py::test_extract_claims_expansion_ids_continue_across_sentences PASSED [ 48%]
research/prototype/tests/test_claim_parser_and_evidence_matcher.py::test_evidence_matcher_exact_match PASSED [ 50%]
research/prototype/tests/test_claim_parser_and_evidence_matcher.py::test_evidence_matcher_fuzzy_fallback_on_slightly_different_act_wording PASSED [ 51%]
research/prototype/tests/test_claim_parser_and_evidence_matcher.py::test_normalize_act_strips_parenthetical_abbreviation PASSED [ 52%]
research/prototype/tests/test_claim_parser_and_evidence_matcher.py::test_evidence_matcher_returns_no_evidence_when_nothing_matches PASSED [ 54%]
research/prototype/tests/test_claim_parser_and_evidence_matcher.py::test_evidence_matcher_same_section_number_different_acts_no_collision PASSED [ 55%]
research/prototype/tests/test_claim_parser_and_evidence_matcher.py::test_evidence_matcher_subsection_falls_back_to_base_section PASSED [ 56%]
research/prototype/tests/test_claim_parser_and_evidence_matcher.py::test_evidence_matcher_adjacent_provision_numbers_never_cross_match PASSED [ 58%]
research/prototype/tests/test_claim_parser_and_evidence_matcher.py::test_evidence_matcher_year_edition_collision_stays_unmatched PASSED [ 59%]
research/prototype/tests/test_claim_parser_and_evidence_matcher.py::test_real_evidence_loader_excludes_non_usable_verdicts PASSED [ 61%]
research/prototype/tests/test_claim_parser_and_evidence_matcher.py::test_real_evidence_known_good_record_is_present_and_correct PASSED [ 62%]
research/prototype/tests/test_claim_parser_and_evidence_matcher.py::test_v0_only_call_unaffected_by_v1_files_existing PASSED [ 63%]
research/prototype/tests/test_claim_parser_and_evidence_matcher.py::test_v1_merge_expands_pool_and_applies_corrections PASSED [ 65%]
research/prototype/tests/test_claim_parser_and_evidence_matcher.py::test_load_usable_evidence_from_config_defaults_to_v0_only PASSED [ 66%]
research/prototype/tests/test_claim_parser_and_evidence_matcher.py::test_load_usable_evidence_from_config_opt_in_expands_pool PASSED [ 68%]
research/prototype/tests/test_claim_parser_and_evidence_matcher.py::test_no_cross_act_fuzzy_collision_risk_anywhere_in_expanded_corpus PASSED [ 69%]
research/prototype/tests/test_adversarial_citations.py::test_wrong_act_crpc_vs_cpc_section_100_never_cross_matches PASSED [ 70%]
research/prototype/tests/test_adversarial_citations.py::test_wrong_act_high_but_subthreshold_overlap_does_not_match PASSED [ 72%]
research/prototype/tests/test_adversarial_citations.py::test_same_section_number_three_way_split_across_acts PASSED [ 73%]
research/prototype/tests/test_adversarial_citations.py::test_year_edition_income_tax_act_1961_vs_hypothetical_2025_act PASSED [ 75%]
research/prototype/tests/test_adversarial_citations.py::test_year_edition_land_acquisition_act_central_vs_state_variant PASSED [ 76%]
research/prototype/tests/test_adversarial_citations.py::test_aliases_crpc_and_cpc_are_distinct_and_each_resolves_correctly PASSED [ 77%]
research/prototype/tests/test_adversarial_citations.py::test_aliases_id_act_resolves_to_industrial_disputes_act PASSED [ 79%]
research/prototype/tests/test_adversarial_citations.py::test_aliases_evidence_act_short_form_matches_full_indian_evidence_act PASSED [ 80%]
research/prototype/tests/test_adversarial_citations.py::test_aliases_parenthetical_abbreviation_never_redirects_to_wrong_act PASSED [ 81%]
research/prototype/tests/test_adversarial_citations.py::test_range_hyphenated_span_is_never_silently_expanded_or_mismatched PASSED [ 83%]
research/prototype/tests/test_adversarial_citations.py::test_range_legitimate_suffixed_provision_120b_is_not_treated_as_a_range PASSED [ 84%]
research/prototype/tests/test_adversarial_citations.py::test_multi_act_three_acts_in_one_sentence_stay_independently_resolved PASSED [ 86%]
research/prototype/tests/test_adversarial_citations.py::test_multi_act_claims_each_get_independent_evidence_lookup PASSED [ 87%]
research/prototype/tests/test_adversarial_citations.py::test_ambiguous_same_number_two_different_acts_in_field_stays_unresolved PASSED [ 88%]
research/prototype/tests/test_adversarial_citations.py::test_ambiguous_unresolved_citation_never_reaches_match_evidence_as_a_false_match PASSED [ 90%]
research/prototype/tests/test_candidate_selection.py::test_case_with_matched_citations_scores_positive PASSED [ 91%]
research/prototype/tests/test_candidate_selection.py::test_case_with_no_matching_evidence_scores_zero PASSED [ 93%]
research/prototype/tests/test_candidate_selection.py::test_purely_procedural_case_flagged_but_not_zero_score PASSED [ 94%]
research/prototype/tests/test_candidate_selection.py::test_multiple_distinct_provisions_score_higher_than_repeated_citation PASSED [ 95%]
research/prototype/tests/test_candidate_selection.py::test_unparseable_citation_key_is_skipped_not_crashing PASSED [ 97%]
research/prototype/tests/test_candidate_selection.py::test_empty_citation_list_scores_zero PASSED [ 98%]
research/prototype/tests/test_candidate_selection.py::test_procedural_acts_constant_matches_only_procedural_codes PASSED [100%]

============================= 72 passed in 0.15s ==============================
