============================= test session starts =============================
platform win32 -- Python 3.11.9, pytest-9.1.1, pluggy-1.6.0 -- D:\nyaymind\nyayamind-verification\research\.venv\Scripts\python.exe
cachedir: .pytest_cache
rootdir: D:\nyaymind\nyayamind-verification
plugins: typeguard-4.6.0
collecting ... collected 111 items

research/prototype/tests/test_claim_parser_and_evidence_matcher.py::test_normalize_act_strips_leading_the_and_punctuation PASSED [  0%]
research/prototype/tests/test_claim_parser_and_evidence_matcher.py::test_normalize_act_handles_no_leading_the PASSED [  1%]
research/prototype/tests/test_claim_parser_and_evidence_matcher.py::test_normalize_act_collapses_whitespace PASSED [  2%]
research/prototype/tests/test_claim_parser_and_evidence_matcher.py::test_split_sentences_basic PASSED [  3%]
research/prototype/tests/test_claim_parser_and_evidence_matcher.py::test_split_sentences_empty_string PASSED [  4%]
research/prototype/tests/test_claim_parser_and_evidence_matcher.py::test_extract_citation_stops_at_year_before_trailing_verb PASSED [  5%]
research/prototype/tests/test_claim_parser_and_evidence_matcher.py::test_extract_citation_stops_at_verb_when_no_year_present PASSED [  6%]
research/prototype/tests/test_claim_parser_and_evidence_matcher.py::test_extract_citation_handles_subsection PASSED [  7%]
research/prototype/tests/test_claim_parser_and_evidence_matcher.py::test_extract_citation_returns_none_for_non_citation_sentence PASSED [  8%]
research/prototype/tests/test_claim_parser_and_evidence_matcher.py::test_extract_citation_uses_in_connector_like_nyayarag_keys PASSED [  9%]
research/prototype/tests/test_claim_parser_and_evidence_matcher.py::test_act_name_trims_trailing_prose_after_comma_no_year_plural_articles PASSED [  9%]
research/prototype/tests/test_claim_parser_and_evidence_matcher.py::test_act_name_year_case_still_works_unchanged PASSED [ 10%]
research/prototype/tests/test_claim_parser_and_evidence_matcher.py::test_act_name_trims_trailing_prose_after_comma_no_year_generic_act PASSED [ 11%]
research/prototype/tests/test_claim_parser_and_evidence_matcher.py::test_act_name_same_section_number_different_acts_no_collision_after_trim PASSED [ 12%]
research/prototype/tests/test_claim_parser_and_evidence_matcher.py::test_bare_citation_parenthetical_inherits_same_sentence_act PASSED [ 13%]
research/prototype/tests/test_claim_parser_and_evidence_matcher.py::test_bare_citation_deals_with_no_own_act_stays_unresolved_at_sentence_level PASSED [ 14%]
research/prototype/tests/test_claim_parser_and_evidence_matcher.py::test_extract_citation_still_handles_existing_full_form PASSED [ 15%]
research/prototype/tests/test_claim_parser_and_evidence_matcher.py::test_extract_claims_field_wide_inheritance_for_bare_citation_without_own_act PASSED [ 16%]
research/prototype/tests/test_claim_parser_and_evidence_matcher.py::test_extract_claims_unresolved_citation_no_identifiable_act_anywhere PASSED [ 17%]
research/prototype/tests/test_claim_parser_and_evidence_matcher.py::test_extract_claims_unresolved_citation_evidence_match_returns_no_evidence PASSED [ 18%]
research/prototype/tests/test_claim_parser_and_evidence_matcher.py::test_extract_claims_ambiguous_field_two_distinct_acts_stays_unresolved PASSED [ 18%]
research/prototype/tests/test_claim_parser_and_evidence_matcher.py::test_bare_citation_plural_keywords_still_supported PASSED [ 19%]
research/prototype/tests/test_claim_parser_and_evidence_matcher.py::test_bare_citation_same_section_number_different_acts_no_collision PASSED [ 20%]
research/prototype/tests/test_claim_parser_and_evidence_matcher.py::test_extract_citations_plural_keyword_singular_number PASSED [ 21%]
research/prototype/tests/test_claim_parser_and_evidence_matcher.py::test_extract_citations_oxford_comma_and_list PASSED [ 22%]
research/prototype/tests/test_claim_parser_and_evidence_matcher.py::test_extract_citations_no_oxford_comma_and_list PASSED [ 23%]
research/prototype/tests/test_claim_parser_and_evidence_matcher.py::test_extract_citations_two_item_and_only_list_no_comma PASSED [ 24%]
research/prototype/tests/test_claim_parser_and_evidence_matcher.py::test_extract_citations_list_with_per_item_subsections PASSED [ 25%]
research/prototype/tests/test_claim_parser_and_evidence_matcher.py::test_extract_citations_singular_keyword_still_works_unexpanded PASSED [ 26%]
research/prototype/tests/test_claim_parser_and_evidence_matcher.py::test_extract_citations_returns_empty_list_for_non_citation_sentence PASSED [ 27%]
research/prototype/tests/test_claim_parser_and_evidence_matcher.py::test_extract_citation_still_returns_first_of_expanded_list PASSED [ 27%]
research/prototype/tests/test_claim_parser_and_evidence_matcher.py::test_extract_claims_drops_non_citation_sentences PASSED [ 28%]
research/prototype/tests/test_claim_parser_and_evidence_matcher.py::test_extract_claims_assigns_sequential_ids_skipping_non_citation_sentences PASSED [ 29%]
research/prototype/tests/test_claim_parser_and_evidence_matcher.py::test_extract_claims_expands_plural_citation_into_one_claim_per_provision PASSED [ 30%]
research/prototype/tests/test_claim_parser_and_evidence_matcher.py::test_extract_claims_expansion_ids_continue_across_sentences PASSED [ 31%]
research/prototype/tests/test_claim_parser_and_evidence_matcher.py::test_evidence_matcher_exact_match PASSED [ 32%]
research/prototype/tests/test_claim_parser_and_evidence_matcher.py::test_evidence_matcher_fuzzy_fallback_on_slightly_different_act_wording PASSED [ 33%]
research/prototype/tests/test_claim_parser_and_evidence_matcher.py::test_normalize_act_strips_parenthetical_abbreviation PASSED [ 34%]
research/prototype/tests/test_claim_parser_and_evidence_matcher.py::test_evidence_matcher_returns_no_evidence_when_nothing_matches PASSED [ 35%]
research/prototype/tests/test_claim_parser_and_evidence_matcher.py::test_evidence_matcher_same_section_number_different_acts_no_collision PASSED [ 36%]
research/prototype/tests/test_claim_parser_and_evidence_matcher.py::test_evidence_matcher_subsection_falls_back_to_base_section PASSED [ 36%]
research/prototype/tests/test_claim_parser_and_evidence_matcher.py::test_evidence_matcher_adjacent_provision_numbers_never_cross_match PASSED [ 37%]
research/prototype/tests/test_claim_parser_and_evidence_matcher.py::test_evidence_matcher_year_edition_collision_stays_unmatched PASSED [ 38%]
research/prototype/tests/test_claim_parser_and_evidence_matcher.py::test_real_evidence_loader_excludes_non_usable_verdicts PASSED [ 39%]
research/prototype/tests/test_claim_parser_and_evidence_matcher.py::test_real_evidence_known_good_record_is_present_and_correct PASSED [ 40%]
research/prototype/tests/test_claim_parser_and_evidence_matcher.py::test_v0_only_call_unaffected_by_v1_files_existing PASSED [ 41%]
research/prototype/tests/test_claim_parser_and_evidence_matcher.py::test_v1_merge_expands_pool_and_applies_corrections PASSED [ 42%]
research/prototype/tests/test_claim_parser_and_evidence_matcher.py::test_load_usable_evidence_from_config_defaults_to_v0_only PASSED [ 43%]
research/prototype/tests/test_claim_parser_and_evidence_matcher.py::test_load_usable_evidence_from_config_opt_in_expands_pool PASSED [ 44%]
research/prototype/tests/test_claim_parser_and_evidence_matcher.py::test_no_cross_act_fuzzy_collision_risk_anywhere_in_expanded_corpus PASSED [ 45%]
research/prototype/tests/test_claim_parser_bugfixes.py::test_bug1_ipc_sections_do_not_merge_with_poca_act_name PASSED [ 45%]
research/prototype/tests/test_claim_parser_bugfixes.py::test_bug1_poca_citation_recovered_not_lost PASSED [ 46%]
research/prototype/tests/test_claim_parser_bugfixes.py::test_bug1_regulation_citation_gets_its_own_act_not_ipc_or_poca PASSED [ 47%]
research/prototype/tests/test_claim_parser_bugfixes.py::test_bug2_bare_act_year_is_not_extracted_as_a_provision_number PASSED [ 48%]
research/prototype/tests/test_claim_parser_bugfixes.py::test_bug2_unrelated_article_citations_do_not_inherit_wrong_act PASSED [ 49%]
research/prototype/tests/test_claim_parser_bugfixes.py::test_bug3_plural_subject_verb_still_trims_act_name PASSED [ 50%]
research/prototype/tests/test_claim_parser_bugfixes.py::test_bug4_explicit_in_sentence_ipc_sections_resolve_to_ipc_not_crpc PASSED [ 51%]
research/prototype/tests/test_claim_parser_bugfixes.py::test_bug4_field_wide_second_sentence_reuses_ipc_via_same_number_not_crpc PASSED [ 52%]
research/prototype/tests/test_claim_parser_bugfixes.py::test_bug4_ambiguous_field_wide_case_stays_unresolved_not_guessed PASSED [ 53%]
research/prototype/tests/test_claim_parser_bugfixes.py::test_bug4_second_explicit_crpc_mention_unaffected PASSED [ 54%]
research/prototype/tests/test_claim_parser_bugfixes.py::test_parenthetical_abbreviation_industrial_disputes_act PASSED [ 54%]
research/prototype/tests/test_claim_parser_bugfixes.py::test_bug5_copula_trims_act_name_before_predicate PASSED [ 55%]
research/prototype/tests/test_claim_parser_bugfixes.py::test_bug5_evidence_act_short_form_resolves_to_corpus_act PASSED [ 56%]
research/prototype/tests/test_claim_parser_bugfixes.py::test_bug5_other_continuation_verbs_still_trim_correctly PASSED [ 57%]
research/prototype/tests/test_claim_parser_bugfixes.py::test_bug5_was_were_also_trim_as_copulas PASSED [ 58%]
research/prototype/tests/test_claim_parser_bugfixes.py::test_two_way_parallel_clause_split_gives_each_citation_its_own_clause PASSED [ 59%]
research/prototype/tests/test_claim_parser_bugfixes.py::test_three_citation_bundle_both_share_the_second_clause PASSED [ 60%]
research/prototype/tests/test_claim_parser_bugfixes.py::test_plain_list_sentence_has_no_split_point_every_citation_gets_full_sentence PASSED [ 61%]
research/prototype/tests/test_claim_parser_bugfixes.py::test_single_citation_sentence_assertion_text_equals_claim_text PASSED [ 62%]
research/prototype/tests/test_claim_parser_bugfixes.py::test_multiple_while_occurrences_is_a_safe_no_split PASSED [ 63%]
research/prototype/tests/test_respectively_claims.py::test_simple_two_citation_respectively_trailing_form PASSED [ 63%]
research/prototype/tests/test_respectively_claims.py::test_simple_two_citation_respectively_prefix_form PASSED [ 64%]
research/prototype/tests/test_respectively_claims.py::test_respectively_across_different_acts PASSED [ 65%]
research/prototype/tests/test_respectively_claims.py::test_flagship_1991_110_four_provisions_one_act PASSED [ 66%]
research/prototype/tests/test_respectively_claims.py::test_citation_order_matching_not_content_matching PASSED [ 67%]
research/prototype/tests/test_respectively_claims.py::test_citation_order_matching_three_way PASSED [ 68%]
research/prototype/tests/test_respectively_claims.py::test_multiple_respectively_occurrences_declines PASSED [ 69%]
research/prototype/tests/test_respectively_claims.py::test_no_which_anchor_declines PASSED [ 70%]
research/prototype/tests/test_respectively_claims.py::test_multiple_which_occurrences_declines PASSED [ 71%]
research/prototype/tests/test_respectively_claims.py::test_single_citation_sentence_never_engages_respectively_logic PASSED [ 72%]
research/prototype/tests/test_respectively_claims.py::test_item_count_mismatch_declines PASSED [ 72%]
research/prototype/tests/test_respectively_claims.py::test_item_count_exceeds_citation_count_declines PASSED [ 73%]
research/prototype/tests/test_respectively_claims.py::test_empty_items_zone_declines PASSED [ 74%]
research/prototype/tests/test_respectively_claims.py::test_citation_keyword_boundary_split_isolates_per_citation_clauses PASSED [ 75%]
research/prototype/tests/test_respectively_claims.py::test_citation_keyword_boundary_split_does_not_fragment_internal_and PASSED [ 76%]
research/prototype/tests/test_respectively_claims.py::test_already_resolved_by_earlier_pass_is_not_overridden PASSED [ 77%]
research/prototype/tests/test_final_pass_adversarial.py::test_section_with_part_qualifier_resolves_to_correct_act_not_polluted PASSED [ 78%]
research/prototype/tests/test_final_pass_adversarial.py::test_part_qualifier_does_not_leak_into_later_bare_citations_act PASSED [ 79%]
research/prototype/tests/test_final_pass_adversarial.py::test_part_qualifier_not_attached_when_ambiguous_bundled_list PASSED [ 80%]
research/prototype/tests/test_final_pass_adversarial.py::test_known_alias_crpc_undotted_resolves PASSED [ 81%]
research/prototype/tests/test_final_pass_adversarial.py::test_unseen_spaced_abbreviation_fails_closed_not_wrong_act PASSED [ 81%]
research/prototype/tests/test_final_pass_adversarial.py::test_unseen_dotted_abbreviation_fails_closed_not_wrong_act PASSED [ 82%]
research/prototype/tests/test_final_pass_adversarial.py::test_unaliased_abbreviation_fails_closed_not_wrong_act PASSED [ 83%]
research/prototype/tests/test_final_pass_adversarial.py::test_unseen_direct_parenthetical_act_name_fails_closed PASSED [ 84%]
research/prototype/tests/test_final_pass_adversarial.py::test_unseen_hyphen_range_fails_closed PASSED [ 85%]
research/prototype/tests/test_final_pass_adversarial.py::test_unseen_to_range_fails_closed PASSED [ 86%]
research/prototype/tests/test_adversarial_citations.py::test_wrong_act_crpc_vs_cpc_section_100_never_cross_matches PASSED [ 87%]
research/prototype/tests/test_adversarial_citations.py::test_wrong_act_high_but_subthreshold_overlap_does_not_match PASSED [ 88%]
research/prototype/tests/test_adversarial_citations.py::test_same_section_number_three_way_split_across_acts PASSED [ 89%]
research/prototype/tests/test_adversarial_citations.py::test_year_edition_income_tax_act_1961_vs_hypothetical_2025_act PASSED [ 90%]
research/prototype/tests/test_adversarial_citations.py::test_year_edition_land_acquisition_act_central_vs_state_variant PASSED [ 90%]
research/prototype/tests/test_adversarial_citations.py::test_aliases_crpc_and_cpc_are_distinct_and_each_resolves_correctly PASSED [ 91%]
research/prototype/tests/test_adversarial_citations.py::test_aliases_id_act_resolves_to_industrial_disputes_act PASSED [ 92%]
research/prototype/tests/test_adversarial_citations.py::test_aliases_evidence_act_short_form_matches_full_indian_evidence_act PASSED [ 93%]
research/prototype/tests/test_adversarial_citations.py::test_aliases_parenthetical_abbreviation_never_redirects_to_wrong_act PASSED [ 94%]
research/prototype/tests/test_adversarial_citations.py::test_range_hyphenated_span_is_never_silently_expanded_or_mismatched PASSED [ 95%]
research/prototype/tests/test_adversarial_citations.py::test_range_legitimate_suffixed_provision_120b_is_not_treated_as_a_range PASSED [ 96%]
research/prototype/tests/test_adversarial_citations.py::test_multi_act_three_acts_in_one_sentence_stay_independently_resolved PASSED [ 97%]
research/prototype/tests/test_adversarial_citations.py::test_multi_act_claims_each_get_independent_evidence_lookup PASSED [ 98%]
research/prototype/tests/test_adversarial_citations.py::test_ambiguous_same_number_two_different_acts_in_field_stays_unresolved PASSED [ 99%]
research/prototype/tests/test_adversarial_citations.py::test_ambiguous_unresolved_citation_never_reaches_match_evidence_as_a_false_match PASSED [100%]

============================= 111 passed in 0.21s =============================
